<?xml version="1.0" encoding="UTF-8"?>
<!-- Generated by org.testng.reporters.JUnitXMLReporter -->
<testsuite hostname="del1-lhp-n70282" ignored="0" name="Test API Calls for POST,GET,PUT,Delete" tests="7" failures="1" timestamp="02 Dec 2020 11:11:42 GMT" time="5.479" errors="0">
  <testcase name="TestBody" time="1.521" classname="GetRequest.GetData"/>
  <testcase name="TestResponse" time="0.276" classname="GetRequest.GetData"/>
  <testcase name="TestBody" time="0.997" classname="GetRequest.GetDataSecondWay"/>
  <testcase name="TestResponsecodes" time="0.417" classname="GetRequest.GetDataSecondWay">
    <failure type="java.lang.AssertionError" message="expected [200] but found [203]">
      <![CDATA[java.lang.AssertionError: expected [200] but found [203]
at GetRequest.GetDataSecondWay.TestResponsecodes(GetDataSecondWay.java:18)
... Removed 31 stack frames]]>
    </failure>
  </testcase> <!-- TestResponsecodes -->
  <testcase name="Test1" time="0.916" classname="GetRequest.PostData"/>
  <testcase name="Test1" time="0.645" classname="GetRequest.PutData"/>
  <testcase name="Test1" time="0.682" classname="GetRequest.DeleteData"/>
</testsuite> <!-- Test API Calls for POST,GET,PUT,Delete -->
